{
  "success": false,
  "error": "Traceback (most recent call last):\n  File \"/home/webthethird/PycharmProjects/slither/venv/lib/python3.8/site-packages/crytic_compile/platform/solc.py\", line 501, in _run_solc\n    ret: Dict = json.loads(stdout)\n  File \"/usr/lib/python3.8/json/__init__.py\", line 357, in loads\n    return _default_decoder.decode(s)\n  File \"/usr/lib/python3.8/json/decoder.py\", line 337, in decode\n    obj, end = self.raw_decode(s, idx=_w(s, 0).end())\n  File \"/usr/lib/python3.8/json/decoder.py\", line 355, in raw_decode\n    raise JSONDecodeError(\"Expecting value\", s, err.value) from None\njson.decoder.JSONDecodeError: Expecting value: line 1 column 1 (char 0)\n\nDuring handling of the above exception, another exception occurred:\n\nTraceback (most recent call last):\n  File \"/home/webthethird/PycharmProjects/slither/slither/__main__.py\", line 741, in main_impl\n    ) = process_all(filename, args, detector_classes, printer_classes)\n  File \"/home/webthethird/PycharmProjects/slither/slither/__main__.py\", line 72, in process_all\n    compilations = compile_all(target, **vars(args))\n  File \"/home/webthethird/PycharmProjects/slither/venv/lib/python3.8/site-packages/crytic_compile/crytic_compile.py\", line 628, in compile_all\n    compilations.append(CryticCompile(target, **kwargs))\n  File \"/home/webthethird/PycharmProjects/slither/venv/lib/python3.8/site-packages/crytic_compile/crytic_compile.py\", line 116, in __init__\n    self._compile(**kwargs)\n  File \"/home/webthethird/PycharmProjects/slither/venv/lib/python3.8/site-packages/crytic_compile/crytic_compile.py\", line 539, in _compile\n    self._platform.compile(self, **kwargs)\n  File \"/home/webthethird/PycharmProjects/slither/venv/lib/python3.8/site-packages/crytic_compile/platform/solc.py\", line 149, in compile\n    targets_json = _get_targets_json(compilation_unit, self._target, **kwargs)\n  File \"/home/webthethird/PycharmProjects/slither/venv/lib/python3.8/site-packages/crytic_compile/platform/solc.py\", line 271, in _get_targets_json\n    return _run_solc(\n  File \"/home/webthethird/PycharmProjects/slither/venv/lib/python3.8/site-packages/crytic_compile/platform/solc.py\", line 505, in _run_solc\n    raise InvalidCompilation(f\"Invalid solc compilation {stderr}\")\ncrytic_compile.platform.exceptions.InvalidCompilation: Invalid solc compilation /home/webthethird/Documents/ethereum/smart-contract-sanctuary/avalanche/contracts/mainnet/proxies_and_implementations//0.5.16/29472D511808Ce925F501D25F9Ee9efFd2328db2_JCollateralCapErc20Delegator.sol/29472D511808Ce925F501D25F9Ee9efFd2328db2_JCollateralCapErc20Delegator.sol:3503:1: Error: Identifier already declared.\ncontract TokenErrorReporter {\r\n^ (Relevant source part starts here and spans across multiple lines).\n/home/webthethird/Documents/ethereum/smart-contract-sanctuary/avalanche/contracts/mainnet/proxies_and_implementations//0.5.16/29472D511808Ce925F501D25F9Ee9efFd2328db2_JCollateralCapErc20Delegator.sol/29472D511808Ce925F501D25F9Ee9efFd2328db2_JCollateralCapErc20Delegator.sol:139:1: The previous declaration is here:\ncontract TokenErrorReporter {\n^ (Relevant source part starts here and spans across multiple lines).\n/home/webthethird/Documents/ethereum/smart-contract-sanctuary/avalanche/contracts/mainnet/proxies_and_implementations//0.5.16/29472D511808Ce925F501D25F9Ee9efFd2328db2_JCollateralCapErc20Delegator.sol/29472D511808Ce925F501D25F9Ee9efFd2328db2_JCollateralCapErc20Delegator.sol:3630:1: Error: Identifier already declared.\ncontract JToken is JTokenInterface, Exponential, TokenErrorReporter {\r\n^ (Relevant source part starts here and spans across multiple lines).\n/home/webthethird/Documents/ethereum/smart-contract-sanctuary/avalanche/contracts/mainnet/proxies_and_implementations//0.5.16/29472D511808Ce925F501D25F9Ee9efFd2328db2_JCollateralCapErc20Delegator.sol/29472D511808Ce925F501D25F9Ee9efFd2328db2_JCollateralCapErc20Delegator.sol:1224:1: The previous declaration is here:\ncontract JToken is JTokenInterface, Exponential, TokenErrorReporter {\n^ (Relevant source part starts here and spans across multiple lines).\n/home/webthethird/Documents/ethereum/smart-contract-sanctuary/avalanche/contracts/mainnet/proxies_and_implementations//0.5.16/29472D511808Ce925F501D25F9Ee9efFd2328db2_JCollateralCapErc20Delegator.sol/29472D511808Ce925F501D25F9Ee9efFd2328db2_JCollateralCapErc20Delegator.sol:5643:39: Error: Member \"SET_PROTOCOL_SEIZE_SHARE_ACCRUE_INTEREST_FAILED\" not found or not visible after argument-dependent lookup in type(enum TokenErrorReporter.FailureInfo).\n            return fail(Error(error), FailureInfo.SET_PROTOCOL_SEIZE_SHARE_ACCRUE_INTEREST_FAILED);\r\n                                      ^---------------------------------------------------------^\n\n",
  "results": {}
}